0 info it worked if it ends with ok
1 verbose cli [ '/Users/cress00/.nvm/versions/node/v6.9.4/bin/node',
1 verbose cli   '/Users/cress00/.nvm/versions/node/v6.9.4/bin/npm',
1 verbose cli   'run',
1 verbose cli   'package' ]
2 info using npm@4.1.2
3 info using node@v6.9.4
4 verbose stack Error: missing script: package
4 verbose stack     at run (/Users/cress00/.nvm/versions/node/v6.9.4/lib/node_modules/npm/lib/run-script.js:151:19)
4 verbose stack     at /Users/cress00/.nvm/versions/node/v6.9.4/lib/node_modules/npm/lib/run-script.js:61:5
4 verbose stack     at /Users/cress00/.nvm/versions/node/v6.9.4/lib/node_modules/npm/node_modules/read-package-json/read-json.js:356:5
4 verbose stack     at checkBinReferences_ (/Users/cress00/.nvm/versions/node/v6.9.4/lib/node_modules/npm/node_modules/read-package-json/read-json.js:320:45)
4 verbose stack     at final (/Users/cress00/.nvm/versions/node/v6.9.4/lib/node_modules/npm/node_modules/read-package-json/read-json.js:354:3)
4 verbose stack     at then (/Users/cress00/.nvm/versions/node/v6.9.4/lib/node_modules/npm/node_modules/read-package-json/read-json.js:124:5)
4 verbose stack     at ReadFileContext.<anonymous> (/Users/cress00/.nvm/versions/node/v6.9.4/lib/node_modules/npm/node_modules/read-package-json/read-json.js:295:20)
4 verbose stack     at ReadFileContext.callback (/Users/cress00/.nvm/versions/node/v6.9.4/lib/node_modules/npm/node_modules/graceful-fs/graceful-fs.js:78:16)
4 verbose stack     at FSReqWrap.readFileAfterOpen [as oncomplete] (fs.js:365:13)
5 verbose cwd /Users/cress00/Documents/programming/fastcampus-master/project/study/day-04
6 error Darwin 16.4.0
7 error argv "/Users/cress00/.nvm/versions/node/v6.9.4/bin/node" "/Users/cress00/.nvm/versions/node/v6.9.4/bin/npm" "run" "package"
8 error node v6.9.4
9 error npm  v4.1.2
10 error missing script: package
11 error If you need help, you may report this error at:
11 error     <https://github.com/npm/npm/issues>
12 verbose exit [ 1, true ]
